<?xml version="1.0" encoding="UTF-8"?>
<!-- Generated by org.testng.reporters.JUnitReportReporter -->
<testsuite hostname="01Zfozg19050465" failures="0" tests="1" name="mavenone.NewTest" time="0.012" errors="0" timestamp="17 8æœˆ 2022 03:00:04 GMT" skipped="0">
  <testcase classname="mavenone.NewTest" name="f" time="0.012"/>
</testsuite> <!-- mavenone.NewTest -->
